<?xml version="1.0" encoding="UTF-8" ?>
<testsuite tests="24" failures="0" name="com.kabir.scientificcalculator.SciCalculatorTest" time="4.102" errors="0" skipped="0">
  <properties>
[...]
</properties>
  <testcase classname="com.kabir.scientificcalculator.SciCalculatorTest" name="testCreateValidAdvancedOperationButton" time="0.176"/>
  <testcase classname="com.kabir.scientificcalculator.SciCalculatorTest" name="testSinAdvancedOperationButtonPressed" time="0.239"/>
  <testcase classname="com.kabir.scientificcalculator.SciCalculatorTest" name="testCreateBackButton" time="0.007"/>
  <testcase classname="com.kabir.scientificcalculator.SciCalculatorTest" name="testCreateFrame" time="0.007"/>
  <testcase classname="com.kabir.scientificcalculator.SciCalculatorTest" name="testTanhAdvancedOperationButtonPressed" time="0.209"/>
  <testcase classname="com.kabir.scientificcalculator.SciCalculatorTest" name="testEqualsButtonForSubtractionPressed" time="0.417"/>
  <testcase classname="com.kabir.scientificcalculator.SciCalculatorTest" name="testEqualsButtonForDivisionPressed" time="0.444"/>
  <testcase classname="com.kabir.scientificcalculator.SciCalculatorTest" name="testTanAdvancedOperationButtonPressed" time="0.214"/>
  <testcase classname="com.kabir.scientificcalculator.SciCalculatorTest" name="testCreateInvalidAdvancedOperationButton" time="0.013"/>
  <testcase classname="com.kabir.scientificcalculator.SciCalculatorTest" name="testCreateDotButton" time="0.011"/>
  <testcase classname="com.kabir.scientificcalculator.SciCalculatorTest" name="testEqualsButtonForAdditionPressed" time="0.419"/>
  <testcase classname="com.kabir.scientificcalculator.SciCalculatorTest" name="testCreateClearButton" time="0.004"/>
  <testcase classname="com.kabir.scientificcalculator.SciCalculatorTest" name="testPiAdvancedOperationButtonPressed" time="0.108"/>
  <testcase classname="com.kabir.scientificcalculator.SciCalculatorTest" name="testEqualsButtonForMultiplicationPressed" time="0.412"/>
  <testcase classname="com.kabir.scientificcalculator.SciCalculatorTest" name="testCreateNumberButton" time="0.01"/>
  <testcase classname="com.kabir.scientificcalculator.SciCalculatorTest" name="testPowerOfThreeAdvancedOperationButtonPressed" time="0.213"/>
  <testcase classname="com.kabir.scientificcalculator.SciCalculatorTest" name="testCoshAdvancedOperationButtonPressed" time="0.206"/>
  <testcase classname="com.kabir.scientificcalculator.SciCalculatorTest" name="testNumberTenButtonPressed" time="0.128"/>
  <testcase classname="com.kabir.scientificcalculator.SciCalculatorTest" name="testSquareAdvancedOperationButtonPressed" time="0.213"/>
  <testcase classname="com.kabir.scientificcalculator.SciCalculatorTest" name="testCreateDisplay" time="0.014"/>
  <testcase classname="com.kabir.scientificcalculator.SciCalculatorTest" name="testCosAdvancedOperationButtonPressed" time="0.203"/>
  <testcase classname="com.kabir.scientificcalculator.SciCalculatorTest" name="testBackButtonPressed" time="0.215"/>
  <testcase classname="com.kabir.scientificcalculator.SciCalculatorTest" name="testSinhAdvancedOperationButtonPressed" time="0.214"/>
  <testcase classname="com.kabir.scientificcalculator.SciCalculatorTest" name="testCreateOperationButton" time="0.006"/>
</testsuite>